<?xml version="1.0" encoding="UTF-8"?>
<!-- Generated by org.testng.reporters.JUnitReportReporter -->
<testsuite hostname="debian" name="com.selenium.tests.CreateAccountTests" tests="2" failures="0" timestamp="28 Apr 2015 00:03:51 GMT" time="13.776" errors="0">
  <testcase name="signupFormCompleted" time="8.079" classname="com.selenium.tests.CreateAccountTests"/>
  <testcase name="testErrorMessages" time="5.697" classname="com.selenium.tests.CreateAccountTests"/>
</testsuite> <!-- com.selenium.tests.CreateAccountTests -->
