<?xml version="1.0" encoding="UTF-8"?>
<!-- Generated by org.testng.reporters.JUnitReportReporter -->
<testsuite hostname="debian" name="com.selenium.tests.SignupErrorMessages" tests="1" failures="0" timestamp="27 Apr 2015 23:38:23 GMT" time="6.773" errors="0">
  <testcase name="testErrorMessages" time="6.773" classname="com.selenium.tests.SignupErrorMessages"/>
</testsuite> <!-- com.selenium.tests.SignupErrorMessages -->
